<?xml version="1.0" encoding="UTF-8"?>
<testng-results ignored="0" total="1" passed="1" failed="0" skipped="0">
  <reporter-output>
  </reporter-output>
  <suite started-at="2023-07-28T16:59:20 IST" name="Default suite" finished-at="2023-07-28T16:59:24 IST" duration-ms="3685">
    <groups>
    </groups>
    <test started-at="2023-07-28T16:59:20 IST" name="Default test" finished-at="2023-07-28T16:59:24 IST" duration-ms="3685">
      <class name="com.BitGo.BitGo">
        <test-method signature="urlPage()[pri:0, instance:com.BitGo.BitGo@306f16f3]" started-at="2023-07-28T16:59:20 IST" name="urlPage" finished-at="2023-07-28T16:59:24 IST" duration-ms="3647" status="PASS">
          <reporter-output>
          </reporter-output>
        </test-method> <!-- urlPage -->
      </class> <!-- com.BitGo.BitGo -->
    </test> <!-- Default test -->
  </suite> <!-- Default suite -->
</testng-results>
